  File.cpp
  Instruction.cpp
  Leaderboard.cpp
C:\Archiwum Kasi\Github\WonszGame\SnakeGame\Instruction.h(5,10): error C1083: Cannot open include file: 'SFML/Graphics.hpp': No such file or directory
  (compiling source file 'Instruction.cpp')
  
C:\Archiwum Kasi\Github\WonszGame\SnakeGame\MainMenu.h(5,10): error C1083: Cannot open include file: 'SFML/Graphics.hpp': No such file or directory
  (compiling source file 'Leaderboard.cpp')
  
  Textures.cpp
C:\Archiwum Kasi\Github\WonszGame\SnakeGame\Textures.h(7,10): error C1083: Cannot open include file: 'SFML/Graphics.hpp': No such file or directory
  (compiling source file 'Textures.cpp')
  
  Game.cpp
C:\Archiwum Kasi\Github\WonszGame\SnakeGame\Game.cpp(2,10): error C1083: Cannot open include file: 'SFML/Graphics.hpp': No such file or directory
  GameOver.cpp
C:\Archiwum Kasi\Github\WonszGame\SnakeGame\GameOver.h(5,10): error C1083: Cannot open include file: 'SFML/Graphics.hpp': No such file or directory
  (compiling source file 'GameOver.cpp')
  
  GamePlay.cpp
C:\Archiwum Kasi\Github\WonszGame\SnakeGame\GamePlay.h(7,10): error C1083: Cannot open include file: 'SFML/Graphics.hpp': No such file or directory
  (compiling source file 'GamePlay.cpp')
  
  MainMenu.cpp
C:\Archiwum Kasi\Github\WonszGame\SnakeGame\MainMenu.h(5,10): error C1083: Cannot open include file: 'SFML/Graphics.hpp': No such file or directory
  (compiling source file 'MainMenu.cpp')
  
  PauseGame.cpp
C:\Archiwum Kasi\Github\WonszGame\SnakeGame\PauseGame.h(5,10): error C1083: Cannot open include file: 'SFML/Graphics.hpp': No such file or directory
  (compiling source file 'PauseGame.cpp')
  
  Snake.cpp
C:\Archiwum Kasi\Github\WonszGame\SnakeGame\Snake.h(5,10): error C1083: Cannot open include file: 'SFML/Graphics.hpp': No such file or directory
  (compiling source file 'Snake.cpp')
  
  SnakeGame.cpp
C:\Archiwum Kasi\Github\WonszGame\SnakeGame\Game.h(5,10): error C1083: Cannot open include file: 'SFML/Graphics.hpp': No such file or directory
  (compiling source file 'SnakeGame.cpp')
  
  WindowState.cpp
C:\Archiwum Kasi\Github\WonszGame\SnakeGame\GraphicObject.h(3,10): error C1083: Cannot open include file: 'SFML/System/Time.hpp': No such file or directory
  (compiling source file 'WindowState.cpp')
  
  Generating Code...
